	Command being timed: "python3 deMULTI.py -r1 1294_S1_L008_R1_001.fq -r2 1294_S1_L008_R4_001.fq -i1 1294_S1_L008_R2_001.fq -i2 1294_S1_L008_R3_001.fq -k indexes.txt -c 20"
	User time (seconds): 5881.13
	System time (seconds): 268.70
	Percent of CPU this job got: 98%
	Elapsed (wall clock) time (h:mm:ss or m:ss): 1:44:15
	Average shared text size (kbytes): 0
	Average unshared data size (kbytes): 0
	Average stack size (kbytes): 0
	Average total size (kbytes): 0
	Maximum resident set size (kbytes): 121896
	Average resident set size (kbytes): 0
	Major (requiring I/O) page faults: 0
	Minor (reclaiming a frame) page faults: 829459
	Voluntary context switches: 101415
	Involuntary context switches: 10010
	Swaps: 0
	File system inputs: 0
	File system outputs: 0
	Socket messages sent: 0
	Socket messages received: 0
	Signals delivered: 0
	Page size (bytes): 4096
	Exit status: 0
